*** Using Compiler 'V5.06 update 7 (build 960)', folder: 'C:\Keil_v5\ARM\ARMCC\Bin'
Rebuild target 'FreeRTOS_DeepSleep'
compiling heap_4.c...
compiling croutine.c...
compiling port.c...
compiling list.c...
compiling queue.c...
compiling event_groups.c...
compiling timers.c...
compiling tasks.c...
compiling fm33lc0xx_fl.c...
compiling Tickless_Hook.c...
compiling fm33lc0xx_fl_aes.c...
compiling fm33lc0xx_fl_adc.c...
compiling fm33lc0xx_fl_atim.c...
compiling fm33lc0xx_fl_bstim32.c...
compiling fm33lc0xx_fl_comp.c...
compiling fm33lc0xx_fl_crc.c...
compiling fm33lc0xx_fl_dma.c...
compiling fm33lc0xx_fl_exti.c...
compiling fm33lc0xx_fl_gpio.c...
compiling fm33lc0xx_fl_flash.c...
compiling fm33lc0xx_fl_divas.c...
compiling fm33lc0xx_fl_gptim.c...
compiling fm33lc0xx_fl_i2c.c...
compiling fm33lc0xx_fl_iwdt.c...
compiling fm33lc0xx_fl_lptim32.c...
compiling fm33lc0xx_fl_opa.c...
compiling fm33lc0xx_fl_lpuart.c...
compiling fm33lc0xx_fl_pmu.c...
compiling fm33lc0xx_fl_rtc.c...
compiling fm33lc0xx_fl_spi.c...
compiling fm33lc0xx_fl_rcc.c...
assembling startup_fm33lc0xx.s...
compiling fm33lc0xx_fl_rng.c...
compiling system_fm33lc0xx.c...
compiling JsonCheckFun.c...
compiling JsonSetLib.c...
compiling JsonDataAnalyzeLib.c...
compiling fm33lc0xx_fl_u7816.c...
compiling fm33lc0xx_fl_svd.c...
compiling fm33lc0xx_fl_wwdt.c...
compiling fm33lc0xx_fl_uart.c...
compiling NumberBaseLib.c...
compiling fm33lc0xx_fl_lcd.c...
compiling SetTime.c...
compiling StrLib.c...
compiling AT24CXXDataLoader.c...
..\Interflow\AT24CXXDataLoader.c(81): warning:  #1215-D: #warning directive: "è°ƒè¯•ç”¨çš„ä¸´æ—¶æƒé™";
  #warning "è°ƒè¯•ç”¨çš„ä¸´æ—¶æƒé™";
..\Interflow\AT24CXXDataLoader.c: 1 warning, 0 errors
compiling mf_config.c...
compiling Check_XTHF_Or_XTLF.c...
compiling MIN_SetTime.c...
compiling PublicLib_No_One.c...
compiling RTC_SetTime.c...
compiling UpData.c...
compiling NetProt_Module.c...
compiling HY_TXRX.c...
compiling _Module_ATCmd_FunctionSum.c...
..\Interflow\_Module_ATCmd_FunctionSum.c(367): warning:  #1215-D: #warning directive: "æš‚æ—¶æ‰“å¼€ Uart1 ç”¨äºŽæµ‹è¯• RTOS ä»»åŠ¡æ ˆä½¿ç”¨æƒ…å†?";
  #warning "æš‚æ—¶æ‰“å¼€ Uart1 ç”¨äºŽæµ‹è¯• RTOS ä»»åŠ¡æ ˆä½¿ç”¨æƒ…å†??";
..\Interflow\_Module_ATCmd_FunctionSum.c: 1 warning, 0 errors
compiling BSTim.c...
compiling ADC.c...
compiling AT24C02.c...
compiling Display_LCD_Lib.c...
compiling Define.c...
compiling GP21.c...
compiling LPTim32.c...
compiling Display.c...
..\Src\Display.c(73): warning:  #1215-D: #warning directive: "LCD_ç¼ºå°‘æ±‰å­—è¿›ã€å›ž";
  #warning "LCD_ç¼ºå°‘æ±‰å­—è¿›ã€å›ž";
..\Src\Display.c(96): warning:  #1215-D: #warning directive: "LCD_ç¬¬å…­ä¸ªæ•°ç ç®¡ç¼ºå°‘å°æ•°ç‚?;
  #warning "LCD_ç¬¬å…­ä¸ªæ•°ç ç®¡ç¼ºå°‘å°æ•°ç‚?";
..\Src\Display.c(118): warning:  #1215-D: #warning directive: "LCD_ç¬¬å…­ä¸ªæ•°ç ç®¡ç¼ºå°‘å°æ•°ç‚?;
  #warning "LCD_ç¬¬å…­ä¸ªæ•°ç ç®¡ç¼ºå°‘å°æ•°ç‚?";
..\Src\Display.c(141): warning:  #1215-D: #warning directive: "LCD_Time";
  #warning "LCD_Time";
..\Src\Display.c(200): warning:  #1215-D: #warning directive: "LCD_ç¬¬å…­ä¸ªæ•°ç ç®¡ç¼ºå°‘å°æ•°ç‚?;
  #warning "LCD_ç¬¬å…­ä¸ªæ•°ç ç®¡ç¼ºå°‘å°æ•°ç‚?";
..\Src\Display.c(455): warning:  #1215-D: #warning directive: "LCD_PleasePay";
  #warning "LCD_PleasePay";
..\Src\Display.c: 6 warnings, 0 errors
compiling main.c...
compiling MotorCtrlDev.c...
compiling NB_Mode_Lib.c...
compiling LPUart_0_And_1_Lib.c...
compiling PowerCtrl.c...
compiling PT1000.c...
compiling RTC.c...
compiling CI522_App.c...
compiling CI522_interface.c...
compiling TaskAboutTimer.c...
..\Src\TaskAboutTimer.c(196): warning:  #1215-D: #warning directive: "è½¯ä»¶å®šæ—¶å™¨ä¸åº”è¯¥é˜»å¡ž ==> Send_RF_DATA_AT_The_Beginning";
  #warning "è½¯ä»¶å®šæ—¶å™¨ä¸åº”è¯¥é˜»å¡ž ==> Send_RF_DATA_AT_The_Beginning";
..\Src\TaskAboutTimer.c: 1 warning, 0 errors
compiling TaskAllReceive.c...
compiling TaskEEprom.c...
compiling Task_Valve.c...
compiling TaskNBAndWeb.c...
compiling TaskGpioInit.c...
linking...
Program Size: Code=78948 RO-data=3804 RW-data=1904 ZI-data=20528  
FromELF: creating hex file...
After Build - User command #1: fromelf --bin --output Objects/FreeRTOS_DeepSleep.bin Objects/FreeRTOS_DeepSleep.axf
".\Objects\\FreeRTOS_DeepSleep.axf" - 0 Error(s), 9 Warning(s).
Build Time Elapsed:  00:00:06
