*** Using Compiler 'V5.06 update 4 (build 422)', folder: 'C:\Keil_v5\ARM\ARMCC\Bin'
Rebuild target 'FreeRTOS_DeepSleep'
compiling fm33lc0xx_fl_crc.c...
assembling startup_fm33lc0xx.s...
compiling mf_config.c...
compiling fm33lc0xx_fl_flash.c...
compiling system_fm33lc0xx.c...
compiling fm33lc0xx_fl_exti.c...
compiling main.c...
compiling fm33lc0xx_fl_adc.c...
compiling fm33lc0xx_fl_aes.c...
compiling fm33lc0xx_fl_bstim32.c...
compiling fm33lc0xx_fl_gpio.c...
compiling lptim32_timing.c...
compiling gpio.c...
compiling fm33lc0xx_fl_comp.c...
compiling fm33lc0xx_fl.c...
compiling fm33lc0xx_fl_dma.c...
compiling fm33lc0xx_fl_divas.c...
compiling taskgpio.c...
compiling fm33lc0xx_fl_gptim.c...
compiling fm33lc0xx_fl_atim.c...
compiling fm33lc0xx_fl_i2c.c...
compiling fm33lc0xx_fl_iwdt.c...
compiling fm33lc0xx_fl_lpuart.c...
compiling fm33lc0xx_fl_lptim32.c...
compiling fm33lc0xx_fl_opa.c...
compiling fm33lc0xx_fl_pmu.c...
compiling fm33lc0xx_fl_rcc.c...
compiling fm33lc0xx_fl_rng.c...
compiling fm33lc0xx_fl_rtc.c...
compiling list.c...
compiling croutine.c...
compiling fm33lc0xx_fl_spi.c...
compiling timers.c...
compiling queue.c...
compiling heap_4.c...
compiling tasks.c...
compiling port.c...
compiling fm33lc0xx_fl_svd.c...
compiling fm33lc0xx_fl_u7816.c...
compiling fm33lc0xx_fl_uart.c...
compiling fm33lc0xx_fl_lcd.c...
compiling fm33lc0xx_fl_wwdt.c...
compiling Tickless_Hook.c...
linking...
Program Size: Code=7680 RO-data=224 RW-data=108 ZI-data=21804  
FromELF: creating hex file...
".\Objects\\ADC_Poll.axf" - 0 Error(s), 0 Warning(s).
Build Time Elapsed:  00:00:02
